#
# There is insufficient memory for the Java Runtime Environment to continue.
# Native memory allocation (malloc) failed to allocate 254864 bytes for Chunk::new
# Possible reasons:
#   The system is out of physical RAM or swap space
#   The process is running with CompressedOops enabled, and the Java Heap may be blocking the growth of the native heap
# Possible solutions:
#   Reduce memory load on the system
#   Increase physical memory or swap space
#   Check if swap backing store is full
#   Decrease Java heap size (-Xmx/-Xms)
#   Decrease number of Java threads
#   Decrease Java thread stack sizes (-Xss)
#   Set larger code cache with -XX:ReservedCodeCacheSize=
#   JVM is running with Unscaled Compressed Oops mode in which the Java heap is
#     placed in the first 4GB address space. The Java Heap base address is the
#     maximum limit for the native heap growth. Please use -XX:HeapBaseMinAddress
#     to set the Java Heap base and to place the Java Heap above 4GB virtual address.
# This output file may be truncated or incomplete.
#
#  Out of Memory Error (arena.cpp:168), pid=13760, tid=14376
#
# JRE version: Java(TM) SE Runtime Environment (21.0.2+13) (build 21.0.2+13-LTS-58)
# Java VM: Java HotSpot(TM) 64-Bit Server VM (21.0.2+13-LTS-58, mixed mode, sharing, tiered, compressed oops, compressed class ptrs, g1 gc, windows-amd64)
# No core dump will be written. Minidumps are not enabled by default on client versions of Windows
#

---------------  S U M M A R Y ------------

Command Line: -javaagent:C:\Program Files\JetBrains\IntelliJ IDEA Community Edition 2024.3.1.1\lib\idea_rt.jar=49295:C:\Program Files\JetBrains\IntelliJ IDEA Community Edition 2024.3.1.1\bin -Dfile.encoding=UTF-8 -Dsun.stdout.encoding=UTF-8 -Dsun.stderr.encoding=UTF-8 com.cars24.fraud_detection.FraudDetectionApplication

Host: AMD Ryzen 5 3500U with Radeon Vega Mobile Gfx  , 8 cores, 5G,  Windows 11 , 64 bit Build 26100 (10.0.26100.3323)
Time: Tue Mar 25 07:50:55 2025 India Standard Time elapsed time: 442.541364 seconds (0d 0h 7m 22s)

---------------  T H R E A D  ---------------

Current thread (0x000001d77f64ac40):  JavaThread "C2 CompilerThread0" daemon [_thread_in_native, id=14376, stack(0x0000002a9ad00000,0x0000002a9ae00000) (1024K)]


Current CompileTask:
C2: 442541 5920       4       java.security.SecureClassLoader::defineClass (16 bytes)

Stack: [0x0000002a9ad00000,0x0000002a9ae00000]
Native frames: (J=compiled Java code, j=interpreted, Vv=VM code, C=native code)
V  [jvm.dll+0x6cade9]
V  [jvm.dll+0x8569c1]
V  [jvm.dll+0x858d2e]
V  [jvm.dll+0x859413]
V  [jvm.dll+0x280e56]
V  [jvm.dll+0xc3f3d]
V  [jvm.dll+0xc4473]
V  [jvm.dll+0x3b5c2c]
V  [jvm.dll+0x1e2209]
V  [jvm.dll+0x249d22]
V  [jvm.dll+0x2491b1]
V  [jvm.dll+0x1c9634]
V  [jvm.dll+0x258859]
V  [jvm.dll+0x256e3a]
V  [jvm.dll+0x3ef6c6]
V  [jvm.dll+0x7ff568]
V  [jvm.dll+0x6c953d]
C  [ucrtbase.dll+0x37b0]
C  [KERNEL32.DLL+0x2e8d7]
C  [ntdll.dll+0xbbf6c]


---------------  P R O C E S S  ---------------

Threads class SMR info:
_java_thread_list=0x000001d7611f6e00, length=32, elements={
0x000001d77f63dda0, 0x000001d77f640620, 0x000001d77f642ca0, 0x000001d77f644320,
0x000001d77f648d30, 0x000001d77f649a90, 0x000001d77f64ac40, 0x000001d77f65d480,
0x000001d7600763f0, 0x000001d7604670f0, 0x000001d760363e60, 0x000001d760744150,
0x000001d7636e6010, 0x000001d763092e20, 0x000001d7612cda60, 0x000001d76233d190,
0x000001d761d5fd90, 0x000001d761d60ab0, 0x000001d761d61140, 0x000001d761d5dcc0,
0x000001d761d5e9e0, 0x000001d761d5f070, 0x000001d762188bb0, 0x000001d76218ac80,
0x000001d762188520, 0x000001d76218b9a0, 0x000001d76218c6c0, 0x000001d762189240,
0x000001d76218cd50, 0x000001d762189f60, 0x000001d7621898d0, 0x000001d76218d3e0
}

Java Threads: ( => current thread )
  0x000001d77f63dda0 JavaThread "Reference Handler"          daemon [_thread_blocked, id=784, stack(0x0000002a9a700000,0x0000002a9a800000) (1024K)]
  0x000001d77f640620 JavaThread "Finalizer"                  daemon [_thread_blocked, id=5692, stack(0x0000002a9a800000,0x0000002a9a900000) (1024K)]
  0x000001d77f642ca0 JavaThread "Signal Dispatcher"          daemon [_thread_blocked, id=18964, stack(0x0000002a9a900000,0x0000002a9aa00000) (1024K)]
  0x000001d77f644320 JavaThread "Attach Listener"            daemon [_thread_blocked, id=23428, stack(0x0000002a9aa00000,0x0000002a9ab00000) (1024K)]
  0x000001d77f648d30 JavaThread "Service Thread"             daemon [_thread_blocked, id=12212, stack(0x0000002a9ab00000,0x0000002a9ac00000) (1024K)]
  0x000001d77f649a90 JavaThread "Monitor Deflation Thread"   daemon [_thread_blocked, id=16512, stack(0x0000002a9ac00000,0x0000002a9ad00000) (1024K)]
=>0x000001d77f64ac40 JavaThread "C2 CompilerThread0"         daemon [_thread_in_native, id=14376, stack(0x0000002a9ad00000,0x0000002a9ae00000) (1024K)]
  0x000001d77f65d480 JavaThread "C1 CompilerThread0"         daemon [_thread_blocked, id=20532, stack(0x0000002a9ae00000,0x0000002a9af00000) (1024K)]
  0x000001d7600763f0 JavaThread "Common-Cleaner"             daemon [_thread_blocked, id=22264, stack(0x0000002a9af00000,0x0000002a9b000000) (1024K)]
  0x000001d7604670f0 JavaThread "Monitor Ctrl-Break"         daemon [_thread_in_native, id=2456, stack(0x0000002a9b000000,0x0000002a9b100000) (1024K)]
  0x000001d760363e60 JavaThread "Notification Thread"        daemon [_thread_blocked, id=22148, stack(0x0000002a9b100000,0x0000002a9b200000) (1024K)]
  0x000001d760744150 JavaThread "Catalina-utility-1"                [_thread_blocked, id=8280, stack(0x0000002a9bb00000,0x0000002a9bc00000) (1024K)]
  0x000001d7636e6010 JavaThread "Catalina-utility-2"                [_thread_blocked, id=23092, stack(0x0000002a9bc00000,0x0000002a9bd00000) (1024K)]
  0x000001d763092e20 JavaThread "container-0"                       [_thread_blocked, id=14052, stack(0x0000002a9bd00000,0x0000002a9be00000) (1024K)]
  0x000001d7612cda60 JavaThread "BufferPoolPruner-1-thread-1" daemon [_thread_blocked, id=5572, stack(0x0000002a9be00000,0x0000002a9bf00000) (1024K)]
  0x000001d76233d190 JavaThread "cluster-ClusterId{value='67e21156042e1d5a7f82f795', description='null'}-localhost:27017" daemon [_thread_in_native, id=21008, stack(0x0000002a9b800000,0x0000002a9b900000) (1024K)]
  0x000001d761d5fd90 JavaThread "HttpClient-1-SelectorManager" daemon [_thread_in_native, id=19360, stack(0x0000002a9c000000,0x0000002a9c100000) (1024K)]
  0x000001d761d60ab0 JavaThread "http-nio-8080-exec-1"       daemon [_thread_blocked, id=3052, stack(0x0000002a9c200000,0x0000002a9c300000) (1024K)]
  0x000001d761d61140 JavaThread "http-nio-8080-exec-2"       daemon [_thread_blocked, id=22012, stack(0x0000002a9c300000,0x0000002a9c400000) (1024K)]
  0x000001d761d5dcc0 JavaThread "http-nio-8080-exec-3"       daemon [_thread_blocked, id=16700, stack(0x0000002a9c400000,0x0000002a9c500000) (1024K)]
  0x000001d761d5e9e0 JavaThread "http-nio-8080-exec-4"       daemon [_thread_blocked, id=6340, stack(0x0000002a9c500000,0x0000002a9c600000) (1024K)]
  0x000001d761d5f070 JavaThread "http-nio-8080-exec-5"       daemon [_thread_blocked, id=20420, stack(0x0000002a9c600000,0x0000002a9c700000) (1024K)]
  0x000001d762188bb0 JavaThread "http-nio-8080-exec-6"       daemon [_thread_blocked, id=18960, stack(0x0000002a9c700000,0x0000002a9c800000) (1024K)]
  0x000001d76218ac80 JavaThread "http-nio-8080-exec-7"       daemon [_thread_blocked, id=5052, stack(0x0000002a9c800000,0x0000002a9c900000) (1024K)]
  0x000001d762188520 JavaThread "http-nio-8080-exec-8"       daemon [_thread_blocked, id=6740, stack(0x0000002a9c900000,0x0000002a9ca00000) (1024K)]
  0x000001d76218b9a0 JavaThread "http-nio-8080-exec-9"       daemon [_thread_blocked, id=21044, stack(0x0000002a9ca00000,0x0000002a9cb00000) (1024K)]
  0x000001d76218c6c0 JavaThread "http-nio-8080-exec-10"      daemon [_thread_blocked, id=12004, stack(0x0000002a9cb00000,0x0000002a9cc00000) (1024K)]
  0x000001d762189240 JavaThread "http-nio-8080-Poller"       daemon [_thread_in_native, id=20904, stack(0x0000002a9cc00000,0x0000002a9cd00000) (1024K)]
  0x000001d76218cd50 JavaThread "http-nio-8080-Acceptor"     daemon [_thread_in_native, id=22476, stack(0x0000002a9cd00000,0x0000002a9ce00000) (1024K)]
  0x000001d762189f60 JavaThread "DestroyJavaVM"                     [_thread_blocked, id=2116, stack(0x0000002a99f00000,0x0000002a9a000000) (1024K)]
  0x000001d7621898d0 JavaThread "cluster-rtt-ClusterId{value='67e21156042e1d5a7f82f795', description='null'}-localhost:27017" daemon [_thread_blocked, id=22552, stack(0x0000002a99c00000,0x0000002a99d00000) (1024K)]
  0x000001d76218d3e0 JavaThread "MaintenanceTimer-2-thread-1" daemon [_thread_blocked, id=15028, stack(0x0000002a99d00000,0x0000002a99e00000) (1024K)]
Total: 32

Other Threads:
  0x000001d77bffa640 VMThread "VM Thread"                           [id=17700, stack(0x0000002a9a600000,0x0000002a9a700000) (1024K)]
  0x000001d77f6067c0 WatcherThread "VM Periodic Task Thread"        [id=7648, stack(0x0000002a9a500000,0x0000002a9a600000) (1024K)]
  0x000001d77bffb4c0 WorkerThread "GC Thread#0"                     [id=17560, stack(0x0000002a9a000000,0x0000002a9a100000) (1024K)]
  0x000001d77bffa2a0 WorkerThread "GC Thread#1"                     [id=20676, stack(0x0000002a9b200000,0x0000002a9b300000) (1024K)]
  0x000001d77bffa9e0 WorkerThread "GC Thread#2"                     [id=5832, stack(0x0000002a9b300000,0x0000002a9b400000) (1024K)]
  0x000001d77bffad80 WorkerThread "GC Thread#3"                     [id=19176, stack(0x0000002a9b400000,0x0000002a9b500000) (1024K)]
  0x000001d760c209b0 WorkerThread "GC Thread#4"                     [id=12344, stack(0x0000002a9b500000,0x0000002a9b600000) (1024K)]
  0x000001d760c20d50 WorkerThread "GC Thread#5"                     [id=20740, stack(0x0000002a9b600000,0x0000002a9b700000) (1024K)]
  0x000001d760c1e910 WorkerThread "GC Thread#6"                     [id=9784, stack(0x0000002a9b900000,0x0000002a9ba00000) (1024K)]
  0x000001d760c1ecb0 WorkerThread "GC Thread#7"                     [id=15692, stack(0x0000002a9ba00000,0x0000002a9bb00000) (1024K)]
  0x000001d77e287fe0 ConcurrentGCThread "G1 Main Marker"            [id=20196, stack(0x0000002a9a100000,0x0000002a9a200000) (1024K)]
  0x000001d77bffb860 WorkerThread "G1 Conc#0"                       [id=21372, stack(0x0000002a9a200000,0x0000002a9a300000) (1024K)]
  0x000001d760c1f3f0 WorkerThread "G1 Conc#1"                       [id=21644, stack(0x0000002a9b700000,0x0000002a9b800000) (1024K)]
  0x000001d77e2ee490 ConcurrentGCThread "G1 Refine#0"               [id=21456, stack(0x0000002a9a300000,0x0000002a9a400000) (1024K)]
  0x000001d77e2eeab0 ConcurrentGCThread "G1 Service"                [id=14032, stack(0x0000002a9a400000,0x0000002a9a500000) (1024K)]
Total: 15

Threads with active compile tasks:
C2 CompilerThread0   442605 5920       4       java.security.SecureClassLoader::defineClass (16 bytes)
Total: 1

VM state: not at safepoint (normal execution)

VM Mutex/Monitor currently owned by a thread: None

Heap address: 0x00000000a0e00000, size: 1522 MB, Compressed Oops mode: 32-bit

CDS archive(s) mapped at: [0x000001d71b000000-0x000001d71bc90000-0x000001d71bc90000), size 13172736, SharedBaseAddress: 0x000001d71b000000, ArchiveRelocationMode: 1.
Compressed class space mapped at: 0x000001d71c000000-0x000001d75c000000, reserved size: 1073741824
Narrow klass base: 0x000001d71b000000, Narrow klass shift: 0, Narrow klass range: 0x100000000

GC Precious Log:
 CardTable entry size: 512
 Card Set container configuration: InlinePtr #cards 5 size 8 Array Of Cards #cards 12 size 40 Howl #buckets 4 coarsen threshold 1843 Howl Bitmap #cards 512 size 80 coarsen threshold 460 Card regions per heap region 1 cards per card region 2048
 CPUs: 8 total, 8 available
 Memory: 6081M
 Large Page Support: Disabled
 NUMA Support: Disabled
 Compressed Oops: Enabled (32-bit)
 Heap Region Size: 1M
 Heap Min Capacity: 8M
 Heap Initial Capacity: 96M
 Heap Max Capacity: 1522M
 Pre-touch: Disabled
 Parallel Workers: 8
 Concurrent Workers: 2
 Concurrent Refinement Workers: 8
 Periodic GC: Disabled

Heap:
 garbage-first heap   total 51200K, used 34884K [0x00000000a0e00000, 0x0000000100000000)
  region size 1024K, 12 young (12288K), 2 survivors (2048K)
 Metaspace       used 50159K, committed 50880K, reserved 1114112K
  class space    used 6551K, committed 6912K, reserved 1048576K

Heap Regions: E=young(eden), S=young(survivor), O=old, HS=humongous(starts), HC=humongous(continues), CS=collection set, F=free, TAMS=top-at-mark-start, PB=parsable bottom
|   0|0x00000000a0e00000, 0x00000000a0f00000, 0x00000000a0f00000|100%| O|  |TAMS 0x00000000a0e00000| PB 0x00000000a0e00000| Untracked 
|   1|0x00000000a0f00000, 0x00000000a1000000, 0x00000000a1000000|100%| O|  |TAMS 0x00000000a0f00000| PB 0x00000000a0f00000| Untracked 
|   2|0x00000000a1000000, 0x00000000a1100000, 0x00000000a1100000|100%| O|  |TAMS 0x00000000a1000000| PB 0x00000000a1000000| Untracked 
|   3|0x00000000a1100000, 0x00000000a1200000, 0x00000000a1200000|100%| O|  |TAMS 0x00000000a1100000| PB 0x00000000a1100000| Untracked 
|   4|0x00000000a1200000, 0x00000000a1300000, 0x00000000a1300000|100%| O|  |TAMS 0x00000000a1200000| PB 0x00000000a1200000| Untracked 
|   5|0x00000000a1300000, 0x00000000a1400000, 0x00000000a1400000|100%| O|  |TAMS 0x00000000a1300000| PB 0x00000000a1300000| Untracked 
|   6|0x00000000a1400000, 0x00000000a1500000, 0x00000000a1500000|100%| O|  |TAMS 0x00000000a1400000| PB 0x00000000a1400000| Untracked 
|   7|0x00000000a1500000, 0x00000000a1600000, 0x00000000a1600000|100%| O|  |TAMS 0x00000000a1500000| PB 0x00000000a1500000| Untracked 
|   8|0x00000000a1600000, 0x00000000a1700000, 0x00000000a1700000|100%| O|  |TAMS 0x00000000a1600000| PB 0x00000000a1600000| Untracked 
|   9|0x00000000a1700000, 0x00000000a1800000, 0x00000000a1800000|100%| O|  |TAMS 0x00000000a1700000| PB 0x00000000a1700000| Untracked 
|  10|0x00000000a1800000, 0x00000000a1900000, 0x00000000a1900000|100%| O|  |TAMS 0x00000000a1800000| PB 0x00000000a1800000| Untracked 
|  11|0x00000000a1900000, 0x00000000a1a00000, 0x00000000a1a00000|100%| O|  |TAMS 0x00000000a1900000| PB 0x00000000a1900000| Untracked 
|  12|0x00000000a1a00000, 0x00000000a1b00000, 0x00000000a1b00000|100%| O|  |TAMS 0x00000000a1a00000| PB 0x00000000a1a00000| Untracked 
|  13|0x00000000a1b00000, 0x00000000a1c00000, 0x00000000a1c00000|100%| O|  |TAMS 0x00000000a1b00000| PB 0x00000000a1b00000| Untracked 
|  14|0x00000000a1c00000, 0x00000000a1d00000, 0x00000000a1d00000|100%| O|  |TAMS 0x00000000a1c00000| PB 0x00000000a1c00000| Untracked 
|  15|0x00000000a1d00000, 0x00000000a1e00000, 0x00000000a1e00000|100%| O|  |TAMS 0x00000000a1d00000| PB 0x00000000a1d00000| Untracked 
|  16|0x00000000a1e00000, 0x00000000a1f00000, 0x00000000a1f00000|100%| O|  |TAMS 0x00000000a1e00000| PB 0x00000000a1e00000| Untracked 
|  17|0x00000000a1f00000, 0x00000000a2000000, 0x00000000a2000000|100%| O|  |TAMS 0x00000000a1f00000| PB 0x00000000a1f00000| Untracked 
|  18|0x00000000a2000000, 0x00000000a2100000, 0x00000000a2100000|100%| O|  |TAMS 0x00000000a2000000| PB 0x00000000a2000000| Untracked 
|  19|0x00000000a2100000, 0x00000000a2200000, 0x00000000a2200000|100%| O|  |TAMS 0x00000000a2100000| PB 0x00000000a2100000| Untracked 
|  20|0x00000000a2200000, 0x00000000a2300000, 0x00000000a2300000|100%| O|  |TAMS 0x00000000a2200000| PB 0x00000000a2200000| Untracked 
|  21|0x00000000a2300000, 0x00000000a2400000, 0x00000000a2400000|100%| O|  |TAMS 0x00000000a2300000| PB 0x00000000a2300000| Untracked 
|  22|0x00000000a2400000, 0x00000000a2500000, 0x00000000a2500000|100%| O|  |TAMS 0x00000000a2400000| PB 0x00000000a2400000| Untracked 
|  23|0x00000000a2500000, 0x00000000a2600000, 0x00000000a2600000|100%| O|  |TAMS 0x00000000a2500000| PB 0x00000000a2500000| Untracked 
|  24|0x00000000a2600000, 0x00000000a2600000, 0x00000000a2700000|  0%| F|  |TAMS 0x00000000a2600000| PB 0x00000000a2600000| Untracked 
|  25|0x00000000a2700000, 0x00000000a271da20, 0x00000000a2800000| 11%| O|  |TAMS 0x00000000a2700000| PB 0x00000000a2700000| Untracked 
|  26|0x00000000a2800000, 0x00000000a2800000, 0x00000000a2900000|  0%| F|  |TAMS 0x00000000a2800000| PB 0x00000000a2800000| Untracked 
|  27|0x00000000a2900000, 0x00000000a2900000, 0x00000000a2a00000|  0%| F|  |TAMS 0x00000000a2900000| PB 0x00000000a2900000| Untracked 
|  28|0x00000000a2a00000, 0x00000000a2a00000, 0x00000000a2b00000|  0%| F|  |TAMS 0x00000000a2a00000| PB 0x00000000a2a00000| Untracked 
|  29|0x00000000a2b00000, 0x00000000a2b00000, 0x00000000a2c00000|  0%| F|  |TAMS 0x00000000a2b00000| PB 0x00000000a2b00000| Untracked 
|  30|0x00000000a2c00000, 0x00000000a2cf3780, 0x00000000a2d00000| 95%| S|CS|TAMS 0x00000000a2c00000| PB 0x00000000a2c00000| Complete 
|  31|0x00000000a2d00000, 0x00000000a2e00000, 0x00000000a2e00000|100%| S|CS|TAMS 0x00000000a2d00000| PB 0x00000000a2d00000| Complete 
|  32|0x00000000a2e00000, 0x00000000a2e00000, 0x00000000a2f00000|  0%| F|  |TAMS 0x00000000a2e00000| PB 0x00000000a2e00000| Untracked 
|  33|0x00000000a2f00000, 0x00000000a2f00000, 0x00000000a3000000|  0%| F|  |TAMS 0x00000000a2f00000| PB 0x00000000a2f00000| Untracked 
|  34|0x00000000a3000000, 0x00000000a3000000, 0x00000000a3100000|  0%| F|  |TAMS 0x00000000a3000000| PB 0x00000000a3000000| Untracked 
|  35|0x00000000a3100000, 0x00000000a3100000, 0x00000000a3200000|  0%| F|  |TAMS 0x00000000a3100000| PB 0x00000000a3100000| Untracked 
|  36|0x00000000a3200000, 0x00000000a3200000, 0x00000000a3300000|  0%| F|  |TAMS 0x00000000a3200000| PB 0x00000000a3200000| Untracked 
|  37|0x00000000a3300000, 0x00000000a3300000, 0x00000000a3400000|  0%| F|  |TAMS 0x00000000a3300000| PB 0x00000000a3300000| Untracked 
|  38|0x00000000a3400000, 0x00000000a3400000, 0x00000000a3500000|  0%| F|  |TAMS 0x00000000a3400000| PB 0x00000000a3400000| Untracked 
|  39|0x00000000a3500000, 0x00000000a3500000, 0x00000000a3600000|  0%| F|  |TAMS 0x00000000a3500000| PB 0x00000000a3500000| Untracked 
|  40|0x00000000a3600000, 0x00000000a3659010, 0x00000000a3700000| 34%| E|  |TAMS 0x00000000a3600000| PB 0x00000000a3600000| Complete 
|  41|0x00000000a3700000, 0x00000000a3800000, 0x00000000a3800000|100%| E|CS|TAMS 0x00000000a3700000| PB 0x00000000a3700000| Complete 
|  46|0x00000000a3c00000, 0x00000000a3d00000, 0x00000000a3d00000|100%| E|CS|TAMS 0x00000000a3c00000| PB 0x00000000a3c00000| Complete 
|  47|0x00000000a3d00000, 0x00000000a3e00000, 0x00000000a3e00000|100%| E|CS|TAMS 0x00000000a3d00000| PB 0x00000000a3d00000| Complete 
|  48|0x00000000a3e00000, 0x00000000a3f00000, 0x00000000a3f00000|100%| E|CS|TAMS 0x00000000a3e00000| PB 0x00000000a3e00000| Complete 
|  49|0x00000000a3f00000, 0x00000000a4000000, 0x00000000a4000000|100%| E|  |TAMS 0x00000000a3f00000| PB 0x00000000a3f00000| Complete 
|  50|0x00000000a4000000, 0x00000000a4100000, 0x00000000a4100000|100%| E|CS|TAMS 0x00000000a4000000| PB 0x00000000a4000000| Complete 
|  51|0x00000000a4100000, 0x00000000a4200000, 0x00000000a4200000|100%| E|CS|TAMS 0x00000000a4100000| PB 0x00000000a4100000| Complete 
|  52|0x00000000a4200000, 0x00000000a4300000, 0x00000000a4300000|100%| E|CS|TAMS 0x00000000a4200000| PB 0x00000000a4200000| Complete 
|  95|0x00000000a6d00000, 0x00000000a6e00000, 0x00000000a6e00000|100%| E|CS|TAMS 0x00000000a6d00000| PB 0x00000000a6d00000| Complete 

Card table byte_map: [0x000001d77e920000,0x000001d77ec20000] _byte_map_base: 0x000001d77e419000

Marking Bits: (CMBitMap*) 0x000001d77e27b840
 Bits: [0x000001d7173a0000, 0x000001d718b68000)

Polling page: 0x000001d77c120000

Metaspace:

Usage:
  Non-class:     42.59 MB used.
      Class:      6.40 MB used.
       Both:     48.98 MB used.

Virtual space:
  Non-class space:       64.00 MB reserved,      42.94 MB ( 67%) committed,  1 nodes.
      Class space:        1.00 GB reserved,       6.75 MB ( <1%) committed,  1 nodes.
             Both:        1.06 GB reserved,      49.69 MB (  5%) committed. 

Chunk freelists:
   Non-Class:  4.82 MB
       Class:  9.19 MB
        Both:  14.00 MB

MaxMetaspaceSize: unlimited
CompressedClassSpaceSize: 1.00 GB
Initial GC threshold: 21.00 MB
Current GC threshold: 58.75 MB
CDS: on
 - commit_granule_bytes: 65536.
 - commit_granule_words: 8192.
 - virtual_space_node_default_size: 8388608.
 - enlarge_chunks_in_place: 1.
 - use_allocation_guard: 0.


Internal statistics:

num_allocs_failed_limit: 8.
num_arena_births: 912.
num_arena_deaths: 0.
num_vsnodes_births: 2.
num_vsnodes_deaths: 0.
num_space_committed: 795.
num_space_uncommitted: 0.
num_chunks_returned_to_freelist: 8.
num_chunks_taken_from_freelist: 2706.
num_chunk_merges: 8.
num_chunk_splits: 1845.
num_chunks_enlarged: 1327.
num_inconsistent_stats: 0.

CodeHeap 'non-profiled nmethods': size=120000Kb used=3182Kb max_used=3182Kb free=116817Kb
 bounds [0x000001d70fe70000, 0x000001d710190000, 0x000001d7173a0000]
CodeHeap 'profiled nmethods': size=120000Kb used=11405Kb max_used=11405Kb free=108594Kb
 bounds [0x000001d7083a0000, 0x000001d708ed0000, 0x000001d70f8d0000]
CodeHeap 'non-nmethods': size=5760Kb used=1582Kb max_used=1596Kb free=4177Kb
 bounds [0x000001d70f8d0000, 0x000001d70fb40000, 0x000001d70fe70000]
 total_blobs=6172 nmethods=5535 adapters=541
 compilation: enabled
              stopped_count=0, restarted_count=0
 full_count=0

Compilation events (20 events):
Event: 440.370 Thread 0x000001d77f65d480 nmethod 5914 0x000001d708ebf310 code [0x000001d708ebf4c0, 0x000001d708ebf6a0]
Event: 440.370 Thread 0x000001d77f65d480 5915       3       org.bson.io.ByteBufferBsonInput::skipCString (54 bytes)
Event: 440.372 Thread 0x000001d77f65d480 nmethod 5915 0x000001d708ebf790 code [0x000001d708ebf9c0, 0x000001d708ec0208]
Event: 440.372 Thread 0x000001d77f65d480 5917       3       org.bson.BsonBinaryReader::getContext (8 bytes)
Event: 440.372 Thread 0x000001d77f65d480 nmethod 5917 0x000001d708ec0490 code [0x000001d708ec0640, 0x000001d708ec0858]
Event: 440.372 Thread 0x000001d77f65d480 5916       3       java.nio.HeapByteBuffer::get (64 bytes)
Event: 440.377 Thread 0x000001d77f65d480 nmethod 5916 0x000001d708ec0910 code [0x000001d708ec0b80, 0x000001d708ec1610]
Event: 440.383 Thread 0x000001d77f65d480 5918       3       org.bson.BsonValue::<init> (5 bytes)
Event: 440.384 Thread 0x000001d77f65d480 nmethod 5918 0x000001d708ec1990 code [0x000001d708ec1b40, 0x000001d708ec1ca8]
Event: 440.405 Thread 0x000001d77f64ac40 5920       4       java.security.SecureClassLoader::defineClass (16 bytes)
Event: 440.408 Thread 0x000001d77f65d480 5921       3       com.mongodb.internal.connection.ByteBufferBsonOutput::writeByte (27 bytes)
Event: 440.409 Thread 0x000001d77f65d480 nmethod 5921 0x000001d708ec1d90 code [0x000001d708ec1f80, 0x000001d708ec2440]
Event: 440.411 Thread 0x000001d77f65d480 5922       3       org.bson.codecs.configuration.CodecProvider::get (9 bytes)
Event: 440.412 Thread 0x000001d77f65d480 nmethod 5922 0x000001d708ec2610 code [0x000001d708ec27c0, 0x000001d708ec2990]
Event: 440.412 Thread 0x000001d77f65d480 5923       3       org.bson.io.OutputBuffer::writeInt32 (42 bytes)
Event: 440.412 Thread 0x000001d77f65d480 nmethod 5923 0x000001d708ec2a90 code [0x000001d708ec2c80, 0x000001d708ec30f0]
Event: 440.582 Thread 0x000001d77f65d480 5924       1       org.apache.catalina.core.ContainerBase::getBackgroundProcessorDelay (5 bytes)
Event: 440.582 Thread 0x000001d77f65d480 nmethod 5924 0x000001d71018b890 code [0x000001d71018ba20, 0x000001d71018bae8]
Event: 440.582 Thread 0x000001d77f65d480 5925       3       org.apache.catalina.valves.ValveBase::backgroundProcess (1 bytes)
Event: 440.583 Thread 0x000001d77f65d480 nmethod 5925 0x000001d708ec3210 code [0x000001d708ec33a0, 0x000001d708ec34a8]

GC Heap History (20 events):
Event: 2.345 GC heap before
{Heap before GC invocations=0 (full 0):
 garbage-first heap   total 98304K, used 24576K [0x00000000a0e00000, 0x0000000100000000)
  region size 1024K, 23 young (23552K), 0 survivors (0K)
 Metaspace       used 6735K, committed 6976K, reserved 1114112K
  class space    used 775K, committed 896K, reserved 1048576K
}
Event: 2.369 GC heap after
{Heap after GC invocations=1 (full 0):
 garbage-first heap   total 98304K, used 6656K [0x00000000a0e00000, 0x0000000100000000)
  region size 1024K, 3 young (3072K), 3 survivors (3072K)
 Metaspace       used 6735K, committed 6976K, reserved 1114112K
  class space    used 775K, committed 896K, reserved 1048576K
}
Event: 4.119 GC heap before
{Heap before GC invocations=1 (full 0):
 garbage-first heap   total 98304K, used 32256K [0x00000000a0e00000, 0x0000000100000000)
  region size 1024K, 29 young (29696K), 3 survivors (3072K)
 Metaspace       used 12993K, committed 13312K, reserved 1114112K
  class space    used 1740K, committed 1856K, reserved 1048576K
}
Event: 4.132 GC heap after
{Heap after GC invocations=2 (full 0):
 garbage-first heap   total 98304K, used 8924K [0x00000000a0e00000, 0x0000000100000000)
  region size 1024K, 2 young (2048K), 2 survivors (2048K)
 Metaspace       used 12993K, committed 13312K, reserved 1114112K
  class space    used 1740K, committed 1856K, reserved 1048576K
}
Event: 6.126 GC heap before
{Heap before GC invocations=2 (full 0):
 garbage-first heap   total 98304K, used 48860K [0x00000000a0e00000, 0x0000000100000000)
  region size 1024K, 43 young (44032K), 2 survivors (2048K)
 Metaspace       used 21183K, committed 21504K, reserved 1114112K
  class space    used 2672K, committed 2816K, reserved 1048576K
}
Event: 6.148 GC heap after
{Heap after GC invocations=3 (full 0):
 garbage-first heap   total 98304K, used 13754K [0x00000000a0e00000, 0x0000000100000000)
  region size 1024K, 7 young (7168K), 7 survivors (7168K)
 Metaspace       used 21183K, committed 21504K, reserved 1114112K
  class space    used 2672K, committed 2816K, reserved 1048576K
}
Event: 8.394 GC heap before
{Heap before GC invocations=4 (full 0):
 garbage-first heap   total 51200K, used 37306K [0x00000000a0e00000, 0x0000000100000000)
  region size 1024K, 30 young (30720K), 7 survivors (7168K)
 Metaspace       used 24389K, committed 24768K, reserved 1114112K
  class space    used 3093K, committed 3264K, reserved 1048576K
}
Event: 8.420 GC heap after
{Heap after GC invocations=5 (full 0):
 garbage-first heap   total 51200K, used 15393K [0x00000000a0e00000, 0x0000000100000000)
  region size 1024K, 3 young (3072K), 3 survivors (3072K)
 Metaspace       used 24389K, committed 24768K, reserved 1114112K
  class space    used 3093K, committed 3264K, reserved 1048576K
}
Event: 9.785 GC heap before
{Heap before GC invocations=5 (full 0):
 garbage-first heap   total 51200K, used 36897K [0x00000000a0e00000, 0x0000000100000000)
  region size 1024K, 25 young (25600K), 3 survivors (3072K)
 Metaspace       used 29425K, committed 29888K, reserved 1114112K
  class space    used 3779K, committed 3968K, reserved 1048576K
}
Event: 9.796 GC heap after
{Heap after GC invocations=6 (full 0):
 garbage-first heap   total 51200K, used 17334K [0x00000000a0e00000, 0x0000000100000000)
  region size 1024K, 4 young (4096K), 4 survivors (4096K)
 Metaspace       used 29425K, committed 29888K, reserved 1114112K
  class space    used 3779K, committed 3968K, reserved 1048576K
}
Event: 11.190 GC heap before
{Heap before GC invocations=6 (full 0):
 garbage-first heap   total 51200K, used 40886K [0x00000000a0e00000, 0x0000000100000000)
  region size 1024K, 27 young (27648K), 4 survivors (4096K)
 Metaspace       used 35099K, committed 35648K, reserved 1114112K
  class space    used 4573K, committed 4800K, reserved 1048576K
}
Event: 11.201 GC heap after
{Heap after GC invocations=7 (full 0):
 garbage-first heap   total 51200K, used 19698K [0x00000000a0e00000, 0x0000000100000000)
  region size 1024K, 3 young (3072K), 3 survivors (3072K)
 Metaspace       used 35099K, committed 35648K, reserved 1114112K
  class space    used 4573K, committed 4800K, reserved 1048576K
}
Event: 11.345 GC heap before
{Heap before GC invocations=7 (full 0):
 garbage-first heap   total 51200K, used 21746K [0x00000000a0e00000, 0x0000000100000000)
  region size 1024K, 6 young (6144K), 3 survivors (3072K)
 Metaspace       used 35482K, committed 35968K, reserved 1114112K
  class space    used 4647K, committed 4864K, reserved 1048576K
}
Event: 11.349 GC heap after
{Heap after GC invocations=8 (full 0):
 garbage-first heap   total 51200K, used 20208K [0x00000000a0e00000, 0x0000000100000000)
  region size 1024K, 1 young (1024K), 1 survivors (1024K)
 Metaspace       used 35482K, committed 35968K, reserved 1114112K
  class space    used 4647K, committed 4864K, reserved 1048576K
}
Event: 12.743 GC heap before
{Heap before GC invocations=9 (full 0):
 garbage-first heap   total 51200K, used 41712K [0x00000000a0e00000, 0x0000000100000000)
  region size 1024K, 22 young (22528K), 1 survivors (1024K)
 Metaspace       used 38674K, committed 39232K, reserved 1114112K
  class space    used 5066K, committed 5312K, reserved 1048576K
}
Event: 12.748 GC heap after
{Heap after GC invocations=10 (full 0):
 garbage-first heap   total 51200K, used 22332K [0x00000000a0e00000, 0x0000000100000000)
  region size 1024K, 3 young (3072K), 3 survivors (3072K)
 Metaspace       used 38674K, committed 39232K, reserved 1114112K
  class space    used 5066K, committed 5312K, reserved 1048576K
}
Event: 14.290 GC heap before
{Heap before GC invocations=10 (full 0):
 garbage-first heap   total 51200K, used 42812K [0x00000000a0e00000, 0x0000000100000000)
  region size 1024K, 23 young (23552K), 3 survivors (3072K)
 Metaspace       used 44341K, committed 44928K, reserved 1114112K
  class space    used 5771K, committed 6016K, reserved 1048576K
}
Event: 14.303 GC heap after
{Heap after GC invocations=11 (full 0):
 garbage-first heap   total 51200K, used 24841K [0x00000000a0e00000, 0x0000000100000000)
  region size 1024K, 3 young (3072K), 3 survivors (3072K)
 Metaspace       used 44341K, committed 44928K, reserved 1114112K
  class space    used 5771K, committed 6016K, reserved 1048576K
}
Event: 207.200 GC heap before
{Heap before GC invocations=11 (full 0):
 garbage-first heap   total 51200K, used 42249K [0x00000000a0e00000, 0x0000000100000000)
  region size 1024K, 21 young (21504K), 3 survivors (3072K)
 Metaspace       used 47865K, committed 48512K, reserved 1114112K
  class space    used 6262K, committed 6528K, reserved 1048576K
}
Event: 207.275 GC heap after
{Heap after GC invocations=12 (full 0):
 garbage-first heap   total 51200K, used 26692K [0x00000000a0e00000, 0x0000000100000000)
  region size 1024K, 2 young (2048K), 2 survivors (2048K)
 Metaspace       used 47865K, committed 48512K, reserved 1114112K
  class space    used 6262K, committed 6528K, reserved 1048576K
}

Dll operation events (13 events):
Event: 0.036 Loaded shared library C:\Program Files\Java\jdk-21\bin\java.dll
Event: 0.116 Loaded shared library C:\Program Files\Java\jdk-21\bin\jsvml.dll
Event: 0.350 Loaded shared library C:\Program Files\Java\jdk-21\bin\zip.dll
Event: 0.364 Loaded shared library C:\Program Files\Java\jdk-21\bin\instrument.dll
Event: 0.381 Loaded shared library C:\Program Files\Java\jdk-21\bin\net.dll
Event: 0.388 Loaded shared library C:\Program Files\Java\jdk-21\bin\nio.dll
Event: 0.396 Loaded shared library C:\Program Files\Java\jdk-21\bin\zip.dll
Event: 0.714 Loaded shared library C:\Program Files\JetBrains\IntelliJ IDEA Community Edition 2024.3.1.1\bin\breakgen64.dll
Event: 0.743 Loaded shared library C:\Program Files\Java\jdk-21\bin\extnet.dll
Event: 0.840 Loaded shared library C:\Program Files\Java\jdk-21\bin\jimage.dll
Event: 5.645 Loaded shared library C:\Program Files\Java\jdk-21\bin\sunmscapi.dll
Event: 9.946 Loaded shared library C:\Program Files\Java\jdk-21\bin\management.dll
Event: 9.948 Loaded shared library C:\Program Files\Java\jdk-21\bin\management_ext.dll

Deoptimization events (20 events):
Event: 218.981 Thread 0x000001d761d5e9e0 Uncommon trap: trap_request=0xffffff45 fr.pc=0x000001d70ff24bb8 relative=0x00000000000002f8
Event: 218.981 Thread 0x000001d761d5e9e0 Uncommon trap: reason=unstable_if action=reinterpret pc=0x000001d70ff24bb8 method=java.util.stream.StreamOpFlag.fromCharacteristics(Ljava/util/Spliterator;)I @ 10 c2
Event: 218.981 Thread 0x000001d761d5e9e0 DEOPT PACKING pc=0x000001d70ff24bb8 sp=0x0000002a9c5fac90
Event: 218.981 Thread 0x000001d761d5e9e0 DEOPT UNPACKING pc=0x000001d70f9246a2 sp=0x0000002a9c5fabe0 mode 2
Event: 440.258 Thread 0x000001d76233d190 Uncommon trap: trap_request=0xffffffde fr.pc=0x000001d7100f5038 relative=0x0000000000000098
Event: 440.258 Thread 0x000001d76233d190 Uncommon trap: reason=class_check action=maybe_recompile pc=0x000001d7100f5038 method=java.nio.ByteBuffer.position(I)Ljava/nio/Buffer; @ 2 c2
Event: 440.258 Thread 0x000001d76233d190 DEOPT PACKING pc=0x000001d7100f5038 sp=0x0000002a9b8fe650
Event: 440.258 Thread 0x000001d76233d190 DEOPT UNPACKING pc=0x000001d70f9246a2 sp=0x0000002a9b8fe5e8 mode 2
Event: 440.265 Thread 0x000001d76233d190 Uncommon trap: trap_request=0xffffffde fr.pc=0x000001d7100f5038 relative=0x0000000000000098
Event: 440.265 Thread 0x000001d76233d190 Uncommon trap: reason=class_check action=maybe_recompile pc=0x000001d7100f5038 method=java.nio.ByteBuffer.position(I)Ljava/nio/Buffer; @ 2 c2
Event: 440.265 Thread 0x000001d76233d190 DEOPT PACKING pc=0x000001d7100f5038 sp=0x0000002a9b8fe8d0
Event: 440.265 Thread 0x000001d76233d190 DEOPT UNPACKING pc=0x000001d70f9246a2 sp=0x0000002a9b8fe878 mode 2
Event: 440.267 Thread 0x000001d76233d190 Uncommon trap: trap_request=0xffffffde fr.pc=0x000001d7100f5038 relative=0x0000000000000098
Event: 440.267 Thread 0x000001d76233d190 Uncommon trap: reason=class_check action=maybe_recompile pc=0x000001d7100f5038 method=java.nio.ByteBuffer.position(I)Ljava/nio/Buffer; @ 2 c2
Event: 440.267 Thread 0x000001d76233d190 DEOPT PACKING pc=0x000001d7100f5038 sp=0x0000002a9b8fe890
Event: 440.267 Thread 0x000001d76233d190 DEOPT UNPACKING pc=0x000001d70f9246a2 sp=0x0000002a9b8fe838 mode 2
Event: 440.267 Thread 0x000001d76233d190 Uncommon trap: trap_request=0xffffffde fr.pc=0x000001d7100f5038 relative=0x0000000000000098
Event: 440.267 Thread 0x000001d76233d190 Uncommon trap: reason=class_check action=maybe_recompile pc=0x000001d7100f5038 method=java.nio.ByteBuffer.position(I)Ljava/nio/Buffer; @ 2 c2
Event: 440.267 Thread 0x000001d76233d190 DEOPT PACKING pc=0x000001d7100f5038 sp=0x0000002a9b8fe8d0
Event: 440.267 Thread 0x000001d76233d190 DEOPT UNPACKING pc=0x000001d70f9246a2 sp=0x0000002a9b8fe878 mode 2

Classes loaded (20 events):
Event: 207.953 Loading class java/util/stream/LongStream
Event: 207.956 Loading class java/util/stream/LongStream done
Event: 207.956 Loading class java/util/stream/DoubleStream
Event: 207.958 Loading class java/util/stream/DoubleStream done
Event: 218.980 Loading class java/util/TreeMap$KeySpliterator
Event: 218.981 Loading class java/util/TreeMap$KeySpliterator done
Event: 219.057 Loading class java/security/CodeSigner
Event: 219.058 Loading class java/security/CodeSigner done
Event: 219.189 Loading class java/util/concurrent/locks/AbstractQueuedSynchronizer$SharedNode
Event: 219.189 Loading class java/util/concurrent/locks/AbstractQueuedSynchronizer$SharedNode done
Event: 249.157 Loading class java/lang/invoke/WrongMethodTypeException
Event: 249.159 Loading class java/lang/invoke/WrongMethodTypeException done
Event: 439.580 Loading class java/net/Socket$SocketOutputStream
Event: 439.622 Loading class java/net/Socket$SocketOutputStream done
Event: 439.629 Loading class sun/nio/ch/NioSocketImpl$2
Event: 439.654 Loading class sun/nio/ch/NioSocketImpl$2 done
Event: 440.253 Loading class java/nio/HeapByteBufferR
Event: 440.255 Loading class java/nio/HeapByteBufferR done
Event: 440.321 Loading class java/util/function/LongBinaryOperator
Event: 440.322 Loading class java/util/function/LongBinaryOperator done

Classes unloaded (0 events):
No events

Classes redefined (0 events):
No events

Internal exceptions (20 events):
Event: 249.290 Thread 0x000001d76233d190 Exception <a 'java/net/ConnectException'{0x00000000a373d0b0}: Connection refused: getsockopt> (0x00000000a373d0b0) 
thrown [s\open\src\hotspot\share\prims\jni.cpp, line 539]
Event: 259.313 Thread 0x000001d76233d190 Exception <a 'java/net/ConnectException'{0x00000000a373ebd0}: Connection refused: getsockopt> (0x00000000a373ebd0) 
thrown [s\open\src\hotspot\share\prims\jni.cpp, line 539]
Event: 269.330 Thread 0x000001d76233d190 Exception <a 'java/net/ConnectException'{0x00000000a37404d8}: Connection refused: getsockopt> (0x00000000a37404d8) 
thrown [s\open\src\hotspot\share\prims\jni.cpp, line 539]
Event: 279.332 Thread 0x000001d76233d190 Exception <a 'java/net/ConnectException'{0x00000000a3741de0}: Connection refused: getsockopt> (0x00000000a3741de0) 
thrown [s\open\src\hotspot\share\prims\jni.cpp, line 539]
Event: 289.363 Thread 0x000001d76233d190 Exception <a 'java/net/ConnectException'{0x00000000a3743900}: Connection refused: getsockopt> (0x00000000a3743900) 
thrown [s\open\src\hotspot\share\prims\jni.cpp, line 539]
Event: 299.389 Thread 0x000001d76233d190 Exception <a 'java/net/ConnectException'{0x00000000a3745208}: Connection refused: getsockopt> (0x00000000a3745208) 
thrown [s\open\src\hotspot\share\prims\jni.cpp, line 539]
Event: 309.401 Thread 0x000001d76233d190 Exception <a 'java/net/ConnectException'{0x00000000a3746d78}: Connection refused: getsockopt> (0x00000000a3746d78) 
thrown [s\open\src\hotspot\share\prims\jni.cpp, line 539]
Event: 319.427 Thread 0x000001d76233d190 Exception <a 'java/net/ConnectException'{0x00000000a3748898}: Connection refused: getsockopt> (0x00000000a3748898) 
thrown [s\open\src\hotspot\share\prims\jni.cpp, line 539]
Event: 329.437 Thread 0x000001d76233d190 Exception <a 'java/net/ConnectException'{0x00000000a374a1a0}: Connection refused: getsockopt> (0x00000000a374a1a0) 
thrown [s\open\src\hotspot\share\prims\jni.cpp, line 539]
Event: 339.443 Thread 0x000001d76233d190 Exception <a 'java/net/ConnectException'{0x00000000a374baa8}: Connection refused: getsockopt> (0x00000000a374baa8) 
thrown [s\open\src\hotspot\share\prims\jni.cpp, line 539]
Event: 349.445 Thread 0x000001d76233d190 Exception <a 'java/net/ConnectException'{0x00000000a374d5c8}: Connection refused: getsockopt> (0x00000000a374d5c8) 
thrown [s\open\src\hotspot\share\prims\jni.cpp, line 539]
Event: 359.466 Thread 0x000001d76233d190 Exception <a 'java/net/ConnectException'{0x00000000a374eed0}: Connection refused: getsockopt> (0x00000000a374eed0) 
thrown [s\open\src\hotspot\share\prims\jni.cpp, line 539]
Event: 369.483 Thread 0x000001d76233d190 Exception <a 'java/net/ConnectException'{0x00000000a3750a68}: Connection refused: getsockopt> (0x00000000a3750a68) 
thrown [s\open\src\hotspot\share\prims\jni.cpp, line 539]
Event: 379.487 Thread 0x000001d76233d190 Exception <a 'java/net/ConnectException'{0x00000000a3752588}: Connection refused: getsockopt> (0x00000000a3752588) 
thrown [s\open\src\hotspot\share\prims\jni.cpp, line 539]
Event: 389.494 Thread 0x000001d76233d190 Exception <a 'java/net/ConnectException'{0x00000000a3753e90}: Connection refused: getsockopt> (0x00000000a3753e90) 
thrown [s\open\src\hotspot\share\prims\jni.cpp, line 539]
Event: 399.516 Thread 0x000001d76233d190 Exception <a 'java/net/ConnectException'{0x00000000a3755798}: Connection refused: getsockopt> (0x00000000a3755798) 
thrown [s\open\src\hotspot\share\prims\jni.cpp, line 539]
Event: 409.522 Thread 0x000001d76233d190 Exception <a 'java/net/ConnectException'{0x00000000a37572b8}: Connection refused: getsockopt> (0x00000000a37572b8) 
thrown [s\open\src\hotspot\share\prims\jni.cpp, line 539]
Event: 419.530 Thread 0x000001d76233d190 Exception <a 'java/net/ConnectException'{0x00000000a3758e00}: Connection refused: getsockopt> (0x00000000a3758e00) 
thrown [s\open\src\hotspot\share\prims\jni.cpp, line 539]
Event: 429.550 Thread 0x000001d76233d190 Exception <a 'java/net/ConnectException'{0x00000000a375a708}: Connection refused: getsockopt> (0x00000000a375a708) 
thrown [s\open\src\hotspot\share\prims\jni.cpp, line 539]
Event: 440.396 Thread 0x000001d76233d190 Exception <a 'java/lang/NoSuchMethodError'{0x00000000a36364b0}: 'void java.lang.invoke.DirectMethodHandle$Holder.invokeStatic(java.lang.Object, java.lang.Object, long)'> (0x00000000a36364b0) 
thrown [s\open\src\hotspot\share\interpreter\linkResolver.cpp, line 773]

ZGC Phase Switch (0 events):
No events

VM Operations (20 events):
Event: 270.787 Executing VM operation: Cleanup
Event: 270.787 Executing VM operation: Cleanup done
Event: 310.065 Executing VM operation: Cleanup
Event: 310.066 Executing VM operation: Cleanup done
Event: 316.098 Executing VM operation: Cleanup
Event: 316.098 Executing VM operation: Cleanup done
Event: 317.108 Executing VM operation: Cleanup
Event: 317.108 Executing VM operation: Cleanup done
Event: 321.148 Executing VM operation: Cleanup
Event: 321.148 Executing VM operation: Cleanup done
Event: 409.798 Executing VM operation: Cleanup
Event: 409.799 Executing VM operation: Cleanup done
Event: 440.037 Executing VM operation: Cleanup
Event: 440.082 Executing VM operation: Cleanup done
Event: 440.083 Executing VM operation: HandshakeAllThreads (Deoptimize)
Event: 440.085 Executing VM operation: HandshakeAllThreads (Deoptimize) done
Event: 440.257 Executing VM operation: HandshakeAllThreads (Deoptimize)
Event: 440.257 Executing VM operation: HandshakeAllThreads (Deoptimize) done
Event: 441.267 Executing VM operation: Cleanup
Event: 441.267 Executing VM operation: Cleanup done

Events (20 events):
Event: 13.470 Thread 0x000001d7637217a0 Thread exited: 0x000001d7637217a0
Event: 13.473 Thread 0x000001d761d5fd90 Thread added: 0x000001d761d5fd90
Event: 13.908 Thread 0x000001d76444b010 Thread added: 0x000001d76444b010
Event: 15.364 Thread 0x000001d761d60ab0 Thread added: 0x000001d761d60ab0
Event: 15.365 Thread 0x000001d761d61140 Thread added: 0x000001d761d61140
Event: 15.365 Thread 0x000001d761d5dcc0 Thread added: 0x000001d761d5dcc0
Event: 15.365 Thread 0x000001d761d5e9e0 Thread added: 0x000001d761d5e9e0
Event: 15.365 Thread 0x000001d761d5f070 Thread added: 0x000001d761d5f070
Event: 15.366 Thread 0x000001d762188bb0 Thread added: 0x000001d762188bb0
Event: 15.366 Thread 0x000001d76218ac80 Thread added: 0x000001d76218ac80
Event: 15.366 Thread 0x000001d762188520 Thread added: 0x000001d762188520
Event: 15.367 Thread 0x000001d76218b9a0 Thread added: 0x000001d76218b9a0
Event: 15.367 Thread 0x000001d76218c6c0 Thread added: 0x000001d76218c6c0
Event: 15.380 Thread 0x000001d762189240 Thread added: 0x000001d762189240
Event: 15.384 Thread 0x000001d76218cd50 Thread added: 0x000001d76218cd50
Event: 15.459 Thread 0x000001d77e2340e0 Thread exited: 0x000001d77e2340e0
Event: 15.459 Thread 0x000001d762189f60 Thread added: 0x000001d762189f60
Event: 20.942 Thread 0x000001d76444b010 Thread exited: 0x000001d76444b010
Event: 440.342 Thread 0x000001d7621898d0 Thread added: 0x000001d7621898d0
Event: 440.377 Thread 0x000001d76218d3e0 Thread added: 0x000001d76218d3e0


Dynamic libraries:
0x00007ff6cbcd0000 - 0x00007ff6cbce0000 	C:\Program Files\Java\jdk-21\bin\java.exe
0x00007ff894fe0000 - 0x00007ff895243000 	C:\WINDOWS\SYSTEM32\ntdll.dll
0x00007ff893950000 - 0x00007ff893a17000 	C:\WINDOWS\System32\KERNEL32.DLL
0x00007ff8921e0000 - 0x00007ff8925a9000 	C:\WINDOWS\System32\KERNELBASE.dll
0x00007ff892660000 - 0x00007ff8927ac000 	C:\WINDOWS\System32\ucrtbase.dll
0x00007ff88c450000 - 0x00007ff88c469000 	C:\Program Files\Java\jdk-21\bin\jli.dll
0x00007ff892ee0000 - 0x00007ff892f92000 	C:\WINDOWS\System32\ADVAPI32.dll
0x00007ff892fa0000 - 0x00007ff893049000 	C:\WINDOWS\System32\msvcrt.dll
0x00007ff88c840000 - 0x00007ff88c85b000 	C:\Program Files\Java\jdk-21\bin\VCRUNTIME140.dll
0x00007ff893050000 - 0x00007ff8930f6000 	C:\WINDOWS\System32\sechost.dll
0x00007ff893260000 - 0x00007ff893376000 	C:\WINDOWS\System32\RPCRT4.dll
0x00007ff893780000 - 0x00007ff89394a000 	C:\WINDOWS\System32\USER32.dll
0x00007ff87a830000 - 0x00007ff87aac0000 	C:\WINDOWS\WinSxS\amd64_microsoft.windows.common-controls_6595b64144ccf1df_6.0.26100.3323_none_3e088096e3344490\COMCTL32.dll
0x00007ff8944c0000 - 0x00007ff8944ea000 	C:\WINDOWS\System32\GDI32.dll
0x00007ff892910000 - 0x00007ff892937000 	C:\WINDOWS\System32\win32u.dll
0x00007ff892c30000 - 0x00007ff892d61000 	C:\WINDOWS\System32\gdi32full.dll
0x00007ff8925b0000 - 0x00007ff892653000 	C:\WINDOWS\System32\msvcp_win.dll
0x00007ff88ae60000 - 0x00007ff88ae6b000 	C:\WINDOWS\SYSTEM32\VERSION.dll
0x00007ff8942e0000 - 0x00007ff89430f000 	C:\WINDOWS\System32\IMM32.DLL
0x00007ff88d620000 - 0x00007ff88d62c000 	C:\Program Files\Java\jdk-21\bin\vcruntime140_1.dll
0x00007ff873500000 - 0x00007ff87358e000 	C:\Program Files\Java\jdk-21\bin\msvcp140.dll
0x00007ff84cea0000 - 0x00007ff84dbb7000 	C:\Program Files\Java\jdk-21\bin\server\jvm.dll
0x00007ff894260000 - 0x00007ff8942d4000 	C:\WINDOWS\System32\WS2_32.dll
0x00007ff892070000 - 0x00007ff8920be000 	C:\WINDOWS\SYSTEM32\POWRPROF.dll
0x00007ff88ae20000 - 0x00007ff88ae56000 	C:\WINDOWS\SYSTEM32\WINMM.dll
0x00007ff892050000 - 0x00007ff892064000 	C:\WINDOWS\SYSTEM32\UMPDC.dll
0x00007ff890fe0000 - 0x00007ff890ffa000 	C:\WINDOWS\SYSTEM32\kernel.appcore.dll
0x00007ff88d5f0000 - 0x00007ff88d5fa000 	C:\Program Files\Java\jdk-21\bin\jimage.dll
0x00007ff881d10000 - 0x00007ff881f51000 	C:\WINDOWS\SYSTEM32\DBGHELP.DLL
0x00007ff893a20000 - 0x00007ff893da2000 	C:\WINDOWS\System32\combase.dll
0x00007ff892e00000 - 0x00007ff892ed6000 	C:\WINDOWS\System32\OLEAUT32.dll
0x00007ff880f10000 - 0x00007ff880f49000 	C:\WINDOWS\SYSTEM32\dbgcore.DLL
0x00007ff892870000 - 0x00007ff892909000 	C:\WINDOWS\System32\bcryptPrimitives.dll
0x00007ff887270000 - 0x00007ff88727f000 	C:\Program Files\Java\jdk-21\bin\instrument.dll
0x00007ff887280000 - 0x00007ff88729f000 	C:\Program Files\Java\jdk-21\bin\java.dll
0x00007ff8946e0000 - 0x00007ff894df5000 	C:\WINDOWS\System32\SHELL32.dll
0x00007ff892ac0000 - 0x00007ff892c28000 	C:\WINDOWS\System32\wintypes.dll
0x00007ff88feb0000 - 0x00007ff8906f5000 	C:\WINDOWS\SYSTEM32\windows.storage.dll
0x00007ff894eb0000 - 0x00007ff894f9b000 	C:\WINDOWS\System32\SHCORE.dll
0x00007ff894320000 - 0x00007ff89437d000 	C:\WINDOWS\System32\shlwapi.dll
0x00007ff8920f0000 - 0x00007ff89211f000 	C:\WINDOWS\SYSTEM32\profapi.dll
0x00007ff86de50000 - 0x00007ff86df27000 	C:\Program Files\Java\jdk-21\bin\jsvml.dll
0x00007ff87aeb0000 - 0x00007ff87aec8000 	C:\Program Files\Java\jdk-21\bin\zip.dll
0x00007ff884030000 - 0x00007ff884040000 	C:\Program Files\Java\jdk-21\bin\net.dll
0x00007ff88ae70000 - 0x00007ff88af8e000 	C:\WINDOWS\SYSTEM32\WINHTTP.dll
0x00007ff891520000 - 0x00007ff89158a000 	C:\WINDOWS\system32\mswsock.dll
0x00007ff87d070000 - 0x00007ff87d086000 	C:\Program Files\Java\jdk-21\bin\nio.dll
0x00007ff877280000 - 0x00007ff87729a000 	C:\Program Files\JetBrains\IntelliJ IDEA Community Edition 2024.3.1.1\bin\breakgen64.dll
0x00007ff884020000 - 0x00007ff884029000 	C:\Program Files\Java\jdk-21\bin\extnet.dll
0x00007ff87d060000 - 0x00007ff87d06e000 	C:\Program Files\Java\jdk-21\bin\sunmscapi.dll
0x00007ff892940000 - 0x00007ff892ab7000 	C:\WINDOWS\System32\CRYPT32.dll
0x00007ff8919c0000 - 0x00007ff8919f0000 	C:\WINDOWS\SYSTEM32\ncrypt.dll
0x00007ff891970000 - 0x00007ff8919af000 	C:\WINDOWS\SYSTEM32\NTASN1.dll
0x00007ff8917c0000 - 0x00007ff8917dc000 	C:\WINDOWS\SYSTEM32\CRYPTSP.dll
0x00007ff890f40000 - 0x00007ff890f7a000 	C:\WINDOWS\system32\rsaenh.dll
0x00007ff8915c0000 - 0x00007ff8915eb000 	C:\WINDOWS\SYSTEM32\USERENV.dll
0x00007ff891a00000 - 0x00007ff891a26000 	C:\WINDOWS\SYSTEM32\bcrypt.dll
0x00007ff8917e0000 - 0x00007ff8917ec000 	C:\WINDOWS\SYSTEM32\CRYPTBASE.dll
0x00007ff8909e0000 - 0x00007ff890a13000 	C:\WINDOWS\SYSTEM32\IPHLPAPI.DLL
0x00007ff893230000 - 0x00007ff89323a000 	C:\WINDOWS\System32\NSI.dll
0x00007ff873250000 - 0x00007ff87325a000 	C:\Program Files\Java\jdk-21\bin\management.dll
0x00007ff873010000 - 0x00007ff87301b000 	C:\Program Files\Java\jdk-21\bin\management_ext.dll
0x00007ff8944f0000 - 0x00007ff8944f8000 	C:\WINDOWS\System32\PSAPI.DLL
0x00007ff890a70000 - 0x00007ff890b95000 	C:\WINDOWS\SYSTEM32\DNSAPI.dll
0x00007ff8879a0000 - 0x00007ff8879ab000 	C:\Windows\System32\rasadhlp.dll
0x00007ff888e40000 - 0x00007ff888ec5000 	C:\WINDOWS\System32\fwpuclnt.dll
0x00007ff87d280000 - 0x00007ff87d288000 	C:\WINDOWS\system32\wshunix.dll

dbghelp: loaded successfully - version: 4.0.5 - missing functions: none
symbol engine: initialized successfully - sym options: 0x614 - pdb path: .;C:\Program Files\Java\jdk-21\bin;C:\WINDOWS\SYSTEM32;C:\WINDOWS\WinSxS\amd64_microsoft.windows.common-controls_6595b64144ccf1df_6.0.26100.3323_none_3e088096e3344490;C:\Program Files\Java\jdk-21\bin\server;C:\Program Files\JetBrains\IntelliJ IDEA Community Edition 2024.3.1.1\bin

VM Arguments:
jvm_args: -javaagent:C:\Program Files\JetBrains\IntelliJ IDEA Community Edition 2024.3.1.1\lib\idea_rt.jar=49295:C:\Program Files\JetBrains\IntelliJ IDEA Community Edition 2024.3.1.1\bin -Dfile.encoding=UTF-8 -Dsun.stdout.encoding=UTF-8 -Dsun.stderr.encoding=UTF-8 
java_command: com.cars24.fraud_detection.FraudDetectionApplication
java_class_path (initial): C:\Users\dayad\Downloads\cars24\fraud_detection\target\classes;C:\Users\dayad\.m2\repository\org\springframework\boot\spring-boot-starter\3.4.2\spring-boot-starter-3.4.2.jar;C:\Users\dayad\.m2\repository\org\springframework\boot\spring-boot\3.4.2\spring-boot-3.4.2.jar;C:\Users\dayad\.m2\repository\org\springframework\spring-context\6.2.2\spring-context-6.2.2.jar;C:\Users\dayad\.m2\repository\org\springframework\boot\spring-boot-autoconfigure\3.4.2\spring-boot-autoconfigure-3.4.2.jar;C:\Users\dayad\.m2\repository\org\springframework\boot\spring-boot-starter-logging\3.4.2\spring-boot-starter-logging-3.4.2.jar;C:\Users\dayad\.m2\repository\ch\qos\logback\logback-classic\1.5.16\logback-classic-1.5.16.jar;C:\Users\dayad\.m2\repository\ch\qos\logback\logback-core\1.5.16\logback-core-1.5.16.jar;C:\Users\dayad\.m2\repository\org\apache\logging\log4j\log4j-to-slf4j\2.24.3\log4j-to-slf4j-2.24.3.jar;C:\Users\dayad\.m2\repository\org\apache\logging\log4j\log4j-api\2.24.3\log4j-api-2.24.3.jar;C:\Users\dayad\.m2\repository\org\slf4j\jul-to-slf4j\2.0.16\jul-to-slf4j-2.0.16.jar;C:\Users\dayad\.m2\repository\jakarta\annotation\jakarta.annotation-api\2.1.1\jakarta.annotation-api-2.1.1.jar;C:\Users\dayad\.m2\repository\org\springframework\spring-core\6.2.2\spring-core-6.2.2.jar;C:\Users\dayad\.m2\repository\org\springframework\spring-jcl\6.2.2\spring-jcl-6.2.2.jar;C:\Users\dayad\.m2\repository\org\yaml\snakeyaml\2.3\snakeyaml-2.3.jar;C:\Users\dayad\.m2\repository\org\springframework\boot\spring-boot-starter-data-mongodb\3.4.2\spring-boot-starter-data-mongodb-3.4.2.jar;C:\Users\dayad\.m2\repository\org\springframework\data\spring-data-mongodb\4.4.2\spring-data-mongodb-4.4.2.jar;C:\Users\dayad\.m2\repository\org\springframework\spring-tx\6.2.2\spring-tx-6.2.2.jar;C:\Users\dayad\.m2\repository\org\springframework\spring-beans\6.2.2\spring-beans-6.2.2.jar;C:\Users\dayad\.m2\repository\org\springframework\spring-expression\6.2.2\spring-expression-6.2.2.jar;C:\Users\dayad\.m2\repository\org\springframework\data\spring-data-commons\3.4.2\spring-data-commons-3.4.2.jar;C:\Users\dayad\.m2\repository\org\springframework\boot\spring-boot-starter-web\3.4.2\spring-boot-starter-web-3.4.2.jar;C:\Users\dayad\.m2\repository\org\springframework\boot\spring-boot-starter-json\3.4.2\spring-boot-starter-json-3.4.2.jar;C:\Users\dayad\.m2\repository\com\fasterxml\jackson\datatype\jackson-datatype-jdk8\2.18.2\jackson-datatype-jdk8-2.18.2.jar;C:\Users\dayad\.m2\repository\com\fasterxml\jackson\datatype\jackson-datatype-jsr310\2.18.2\jackson-datatype-jsr310-2.18.2.jar;C:\Users\dayad\.m2\repository\com\fasterxml\jackson\module\jackson-module-parameter-names\2.18.2\jackson-module-parameter-names-2.18.2.jar;C:\Users\dayad\.m2\repository\org\springframework\boot\spring-boot-starter-tomcat\3.4.2\spring-boot-starter-tomcat-3.4.2.jar;C:\Users\dayad\.m2\repository\org\apache\tomcat\embed\tomcat-embed-core\10.1.34\tomcat-embed-core-10.1.34.jar;C:\Users\dayad\.m2\repository\org\apache\tomcat\embed\tomcat-embed-websocket\10.1.34\tomcat-embed-websocket-10.1.34.jar;C:\Users\dayad\.m2\repository\org\springframework\spring-web\6.2.2\spring-web-6.2.2.jar;C:\Users\dayad\.m2\repository\io\micrometer\micrometer-observation\1.14.3\micrometer-observation-1.14.3.jar;C:\Users\dayad\.m2\repository\io\micrometer\micrometer-commons\1.14.3\micrometer-commons-1.14.3.jar;C:\Users\dayad\.m2\repository\org\springframework\spring-webmvc\6.2.2\spring-webmvc-6.2.2.jar;C:\Users\dayad\.m2\repository\org\springframework\boot\spring-boot-starter-validation\3.4.2\spring-boot-starter-validation-3.4.2.jar;C:\Users\dayad\.m2\repository\org\apache\tomcat\embed\tomcat-embed-el\10.1.34\tomcat-embed-el-10.1.34.jar;C:\Users\dayad\.m2\repository\org\hibernate\validator\hibernate-validator\8.0.2.Final\hibernate-validator-8.0.2.Final.jar;C:\Users\dayad\.m2\repository\jakarta\validation\jakarta.validation-api\3.0.2\jakarta.validation-api-3.0.2.jar;C:\Users\dayad\.m2\repository\org\jboss\logging\jboss-logging\3.6.1.Final\jboss-logging-3.6.1.Final.jar;C:\Users\dayad\.m2\repository\com\fasterxml\classmate\1.7.0\classmate-1.7.0.jar;C:\Users\dayad\.m2\repository\org\springframework\boot\spring-boot-starter-security\3.4.2\spring-boot-starter-security-3.4.2.jar;C:\Users\dayad\.m2\repository\org\springframework\spring-aop\6.2.2\spring-aop-6.2.2.jar;C:\Users\dayad\.m2\repository\org\springframework\security\spring-security-config\6.4.2\spring-security-config-6.4.2.jar;C:\Users\dayad\.m2\repository\org\springframework\security\spring-security-core\6.4.2\spring-security-core-6.4.2.jar;C:\Users\dayad\.m2\repository\org\springframework\security\spring-security-crypto\6.4.2\spring-security-crypto-6.4.2.jar;C:\Users\dayad\.m2\repository\org\springframework\security\spring-security-web\6.4.2\spring-security-web-6.4.2.jar;C:\Users\dayad\.m2\repository\javax\validation\validation-api\2.0.1.Final\validation-api-2.0.1.Final.jar;C:\Users\dayad\.m2\repository\com\itextpdf\kernel\7.2.5\kernel-7.2.5.jar;C:\Users\dayad\.m2\repository\com\itextpdf\io\7.2.5\io-7.2.5.jar;C:\Users\dayad\.m2\repository\com\itextpdf\commons\7.2.5\commons-7.2.5.jar;C:\Users\dayad\.m2\repository\org\bouncycastle\bcpkix-jdk15on\1.70\bcpkix-jdk15on-1.70.jar;C:\Users\dayad\.m2\repository\org\bouncycastle\bcutil-jdk15on\1.70\bcutil-jdk15on-1.70.jar;C:\Users\dayad\.m2\repository\org\bouncycastle\bcprov-jdk15on\1.70\bcprov-jdk15on-1.70.jar;C:\Users\dayad\.m2\repository\org\slf4j\slf4j-api\2.0.16\slf4j-api-2.0.16.jar;C:\Users\dayad\.m2\repository\com\itextpdf\layout\7.2.5\layout-7.2.5.jar;C:\Users\dayad\.m2\repository\com\fasterxml\jackson\core\jackson-databind\2.15.0\jackson-databind-2.15.0.jar;C:\Users\dayad\.m2\repository\com\fasterxml\jackson\core\jackson-annotations\2.18.2\jackson-annotations-2.18.2.jar;C:\Users\dayad\.m2\repository\com\fasterxml\jackson\core\jackson-core\2.18.2\jackson-core-2.18.2.jar;C:\Users\dayad\.m2\repository\org\mongodb\mongodb-driver-sync\5.2.1\mongodb-driver-sync-5.2.1.jar;C:\Users\dayad\.m2\repository\org\mongodb\bson\5.2.1\bson-5.2.1.jar;C:\Users\dayad\.m2\repository\org\mongodb\mongodb-driver-core\5.2.1\mongodb-driver-core-5.2.1.jar;C:\Users\dayad\.m2\repository\org\mongodb\bson-record-codec\5.2.1\bson-record-codec-5.2.1.jar;C:\Users\dayad\.m2\repository\org\json\json\20210307\json-20210307.jar;C:\Users\dayad\.m2\repository\org\jetbrains\annotations\26.0.2\annotations-26.0.2.jar;C:\Users\dayad\.m2\repository\org\springframework\spring-test\6.2.2\spring-test-6.2.2.jar
Launcher Type: SUN_STANDARD

[Global flags]
     intx CICompilerCount                          = 4                                         {product} {ergonomic}
     uint ConcGCThreads                            = 2                                         {product} {ergonomic}
     uint G1ConcRefinementThreads                  = 8                                         {product} {ergonomic}
   size_t G1HeapRegionSize                         = 1048576                                   {product} {ergonomic}
    uintx GCDrainStackTargetSize                   = 64                                        {product} {ergonomic}
   size_t InitialHeapSize                          = 100663296                                 {product} {ergonomic}
   size_t MarkStackSize                            = 4194304                                   {product} {ergonomic}
   size_t MaxHeapSize                              = 1595932672                                {product} {ergonomic}
   size_t MaxNewSize                               = 957349888                                 {product} {ergonomic}
   size_t MinHeapDeltaBytes                        = 1048576                                   {product} {ergonomic}
   size_t MinHeapSize                              = 8388608                                   {product} {ergonomic}
    uintx NonNMethodCodeHeapSize                   = 5839372                                {pd product} {ergonomic}
    uintx NonProfiledCodeHeapSize                  = 122909434                              {pd product} {ergonomic}
    uintx ProfiledCodeHeapSize                     = 122909434                              {pd product} {ergonomic}
    uintx ReservedCodeCacheSize                    = 251658240                              {pd product} {ergonomic}
     bool SegmentedCodeCache                       = true                                      {product} {ergonomic}
   size_t SoftMaxHeapSize                          = 1595932672                             {manageable} {ergonomic}
     bool UseCompressedOops                        = true                           {product lp64_product} {ergonomic}
     bool UseG1GC                                  = true                                      {product} {ergonomic}
     bool UseLargePagesIndividualAllocation        = false                                  {pd product} {ergonomic}

Logging:
Log output configuration:
 #0: stdout all=warning uptime,level,tags foldmultilines=false
 #1: stderr all=off uptime,level,tags foldmultilines=false

Environment Variables:
JAVA_HOME=C:\Program Files\Java\jdk-17
PATH=C:\Program Files\Eclipse Adoptium\jdk-21.0.2.13-hotspot\bin;C:\Program Files\Common Files\Oracle\Java\javapath;C:\Program Files (x86)\VMware\VMware Player\bin\;C:\Users\dayad\AppData\Local\Programs\Python\Python310\Scripts\;C:\Users\dayad\AppData\Local\Programs\Python\Python310\;C:\Program Files\Volta\;C:\WINDOWS\system32;C:\WINDOWS;C:\WINDOWS\System32\Wbem;C:\WINDOWS\System32\WindowsPowerShell\v1.0\;C:\WINDOWS\System32\OpenSSH\;C:\Users\dayad\Downloads\bin;C:\ProgramData\chocolatey\bin;C:\Users\dayad\Downloads\mongosh-1.6.0-win32-x64\mongosh-1.6.0-win32-x64\bin;C:\Program Files\MongoDB\Server\6.0\bin;C:\mongosh-1.6.0-win32-x64\bin;C:\Users\dayad\OneDrive\Desktop\Visual Studio Code.lnk;C:\ffmpeg-snapshot.tar.bz2;C:\Users\dayad\AppData\Local\Programs\Python\Launcher\;C:\Users\dayad\AppData\Local\Programs\Python\Python38-32\Scripts\;C:\Users\dayad\AppData\Local\Programs\Python\Python38-32\;C:\Program Files\MySQL\MySQL Shell 8.0\bin\;C:\Users\dayad\AppData\Local\Programs\Pytho;C:\TDM-GCC-64\bin;C:\Program Files\apache-maven-3.9.6-bin\apache-maven-3.9.6\bin;C:\Program Files\Kubernetes\Minikube;C:\Program Files\Docker\Docker\resources\bin;C:\GnuWin32\bin\bin;C:\Users\dayad\Downloads\sqlite-tools-win32-x86-3170000\sqlite-tools-win32-x86-3170000;C:\Program Files\PuTTY\;C:\Users\dayad\AppData\Local\Programs\Python\Python310\python.exe;C:\Python312\;C:\Python312\Scripts;C:\WINDOWS\system32;C:\WINDOWS;C:\WINDOWS\System32\Wbem;C:\WINDOWS\System32\WindowsPowerShell\v1.0\;C:\WINDOWS\System32\OpenSSH\;C:\Program Files\Git\cmd;C:\Program Files\MongoDB\Server\8.0\bin;C:\Program Files\nodejs\;C:\Users\dayad\AppData\Local\Programs\Python\Python313\Scripts\;C:\Users\dayad\AppData\Local\Programs\Python\Python313\;C:\Program Files\MySQL\MySQL Shell 8.0\bin\;C:\Users\dayad\AppData\Local\Programs\Python\Launcher\;C:\Users\dayad\AppData\Local\Programs\Python\Python38-32\Scripts\;C:\Users\dayad\AppData\Local\Programs\Python\Python38-32\;C:\Users\dayad\AppData\Local\Programs\Python\Python311\Scripts\;C:\Users\dayad\AppData\Local\Programs\Python\Python311\;C:\Users\dayad\AppData\Local\Volta\bin;C:\Users\dayad\AppData\Local\Programs\Python\Python310\Scripts\;C:\Users\dayad\AppData\Local\Programs\Python\Python310\;C:\Users\dayad\AppData\Local\Microsoft\WindowsApps;C:\Users\dayad\AppData\Local\Programs\Microsoft VS Code\bin;C:\iverilog\gtkwave\bin;C:\Program Files\JetBrains\IntelliJ IDEA 2023.3.3\bin;C:\Users\dayad\AppData\Roaming\nvm;C:\Program Files\nodejs;C:\Users\dayad\AppData\Local\JetBrains\Toolbox\scripts;C:\Program Files\JetBrains\IntelliJ IDEA 2024.3.1.1\bin;;C:\Program Files\JetBrains\IntelliJ IDEA Community Edition 2024.3.1.1\bin;;C:\Program Files\mongosh\;C:\Users\dayad\AppData\Roaming\npm;C:\ffmpeg;
USERNAME=Divya D
OS=Windows_NT
PROCESSOR_IDENTIFIER=AMD64 Family 23 Model 24 Stepping 1, AuthenticAMD
TMP=C:\Users\dayad\AppData\Local\Temp
TEMP=C:\Users\dayad\AppData\Local\Temp




Periodic native trim disabled

---------------  S Y S T E M  ---------------

OS:
 Windows 11 , 64 bit Build 26100 (10.0.26100.3323)
OS uptime: 0 days 18:47 hours
Hyper-V role detected

CPU: total 8 (initial active 8) (8 cores per cpu, 2 threads per core) family 23 model 24 stepping 1 microcode 0x8108109, cx8, cmov, fxsr, ht, mmx, 3dnowpref, sse, sse2, sse3, ssse3, sse4a, sse4.1, sse4.2, popcnt, lzcnt, tsc, tscinvbit, avx, avx2, aes, clmul, bmi1, bmi2, adx, sha, fma, vzeroupper, clflush, clflushopt, hv, rdtscp, f16c
Processor Information for all 8 processors :
  Max Mhz: 2100, Current Mhz: 2100, Mhz Limit: 2100

Memory: 4k page, system-wide physical 6081M (296M free)
TotalPageFile size 22465M (AvailPageFile size 6M)
current process WorkingSet (physical memory assigned to process): 63M, peak: 219M
current process commit charge ("private bytes"): 227M, peak: 254M

vm_info: Java HotSpot(TM) 64-Bit Server VM (21.0.2+13-LTS-58) for windows-amd64 JRE (21.0.2+13-LTS-58), built on 2024-01-05T18:32:24Z by "mach5one" with MS VC++ 17.1 (VS2022)

END.
